<?xml version="1.0" encoding="UTF-8"?>
<testsuite xmlns:xsi="http://www.w3.org/2001/XMLSchema-instance" xsi:noNamespaceSchemaLocation="https://maven.apache.org/surefire/maven-surefire-plugin/xsd/surefire-test-report.xsd" name="com.example.purecloud.AppTest" time="0.519" tests="1" errors="0" skipped="0" failures="0">
  <properties>
    <property name="sun.desktop" value="windows"/>
    <property name="awt.toolkit" value="sun.awt.windows.WToolkit"/>
    <property name="java.specification.version" value="11"/>
    <property name="sun.cpu.isalist" value="amd64"/>
    <property name="sun.jnu.encoding" value="Cp1252"/>
    <property name="java.class.path" value="C:\Users\kh.wong\Desktop\javaRevision\GenesysTesting\javaTesting\purecloud\target\test-classes;C:\Users\kh.wong\Desktop\javaRevision\GenesysTesting\javaTesting\purecloud\target\classes;C:\Users\kh.wong\.m2\repository\org\slf4j\slf4j-log4j12\1.6.1\slf4j-log4j12-1.6.1.jar;C:\Users\kh.wong\.m2\repository\org\slf4j\slf4j-api\1.6.1\slf4j-api-1.6.1.jar;C:\Users\kh.wong\.m2\repository\log4j\log4j\1.2.17\log4j-1.2.17.jar;C:\Users\kh.wong\.m2\repository\junit\junit\4.11\junit-4.11.jar;C:\Users\kh.wong\.m2\repository\org\hamcrest\hamcrest-core\1.3\hamcrest-core-1.3.jar;C:\Users\kh.wong\.m2\repository\io\swagger\swagger-annotations\1.5.8\swagger-annotations-1.5.8.jar;C:\Users\kh.wong\.m2\repository\javax\xml\bind\jaxb-api\2.2.12\jaxb-api-2.2.12.jar;C:\Users\kh.wong\.m2\repository\org\ini4j\ini4j\0.5.4\ini4j-0.5.4.jar;C:\Users\kh.wong\.m2\repository\org\apache\httpcomponents\httpclient\4.5.13\httpclient-4.5.13.jar;C:\Users\kh.wong\.m2\repository\org\apache\httpcomponents\httpcore\4.4.13\httpcore-4.4.13.jar;C:\Users\kh.wong\.m2\repository\commons-logging\commons-logging\1.2\commons-logging-1.2.jar;C:\Users\kh.wong\.m2\repository\commons-codec\commons-codec\1.11\commons-codec-1.11.jar;C:\Users\kh.wong\.m2\repository\com\squareup\okhttp\okhttp\2.7.4\okhttp-2.7.4.jar;C:\Users\kh.wong\.m2\repository\com\squareup\okio\okio\1.6.0\okio-1.6.0.jar;C:\Users\kh.wong\.m2\repository\org\asynchttpclient\async-http-client\2.12.3\async-http-client-2.12.3.jar;C:\Users\kh.wong\.m2\repository\org\asynchttpclient\async-http-client-netty-utils\2.12.3\async-http-client-netty-utils-2.12.3.jar;C:\Users\kh.wong\.m2\repository\io\netty\netty-buffer\4.1.60.Final\netty-buffer-4.1.60.Final.jar;C:\Users\kh.wong\.m2\repository\io\netty\netty-codec-http\4.1.60.Final\netty-codec-http-4.1.60.Final.jar;C:\Users\kh.wong\.m2\repository\io\netty\netty-common\4.1.60.Final\netty-common-4.1.60.Final.jar;C:\Users\kh.wong\.m2\repository\io\netty\netty-transport\4.1.60.Final\netty-transport-4.1.60.Final.jar;C:\Users\kh.wong\.m2\repository\io\netty\netty-codec\4.1.60.Final\netty-codec-4.1.60.Final.jar;C:\Users\kh.wong\.m2\repository\io\netty\netty-handler\4.1.60.Final\netty-handler-4.1.60.Final.jar;C:\Users\kh.wong\.m2\repository\io\netty\netty-resolver\4.1.60.Final\netty-resolver-4.1.60.Final.jar;C:\Users\kh.wong\.m2\repository\io\netty\netty-codec-socks\4.1.60.Final\netty-codec-socks-4.1.60.Final.jar;C:\Users\kh.wong\.m2\repository\io\netty\netty-handler-proxy\4.1.60.Final\netty-handler-proxy-4.1.60.Final.jar;C:\Users\kh.wong\.m2\repository\io\netty\netty-transport-native-epoll\4.1.60.Final\netty-transport-native-epoll-4.1.60.Final-linux-x86_64.jar;C:\Users\kh.wong\.m2\repository\io\netty\netty-transport-native-unix-common\4.1.60.Final\netty-transport-native-unix-common-4.1.60.Final.jar;C:\Users\kh.wong\.m2\repository\io\netty\netty-transport-native-kqueue\4.1.60.Final\netty-transport-native-kqueue-4.1.60.Final-osx-x86_64.jar;C:\Users\kh.wong\.m2\repository\org\reactivestreams\reactive-streams\1.0.3\reactive-streams-1.0.3.jar;C:\Users\kh.wong\.m2\repository\com\typesafe\netty\netty-reactive-streams\2.0.4\netty-reactive-streams-2.0.4.jar;C:\Users\kh.wong\.m2\repository\com\sun\activation\jakarta.activation\1.2.2\jakarta.activation-1.2.2.jar;C:\Users\kh.wong\.m2\repository\xerces\xercesImpl\2.12.1\xercesImpl-2.12.1.jar;C:\Users\kh.wong\.m2\repository\xml-apis\xml-apis\1.4.01\xml-apis-1.4.01.jar;C:\Users\kh.wong\.m2\repository\com\fasterxml\jackson\core\jackson-core\2.12.1\jackson-core-2.12.1.jar;C:\Users\kh.wong\.m2\repository\com\fasterxml\jackson\core\jackson-annotations\2.12.1\jackson-annotations-2.12.1.jar;C:\Users\kh.wong\.m2\repository\com\fasterxml\jackson\core\jackson-databind\2.12.1\jackson-databind-2.12.1.jar;C:\Users\kh.wong\.m2\repository\com\fasterxml\jackson\jaxrs\jackson-jaxrs-json-provider\2.12.1\jackson-jaxrs-json-provider-2.12.1.jar;C:\Users\kh.wong\.m2\repository\com\fasterxml\jackson\jaxrs\jackson-jaxrs-base\2.12.1\jackson-jaxrs-base-2.12.1.jar;C:\Users\kh.wong\.m2\repository\com\fasterxml\jackson\module\jackson-module-jaxb-annotations\2.12.1\jackson-module-jaxb-annotations-2.12.1.jar;C:\Users\kh.wong\.m2\repository\jakarta\xml\bind\jakarta.xml.bind-api\2.3.2\jakarta.xml.bind-api-2.3.2.jar;C:\Users\kh.wong\.m2\repository\jakarta\activation\jakarta.activation-api\1.2.1\jakarta.activation-api-1.2.1.jar;C:\Users\kh.wong\.m2\repository\com\fasterxml\jackson\datatype\jackson-datatype-joda\2.12.1\jackson-datatype-joda-2.12.1.jar;C:\Users\kh.wong\.m2\repository\joda-time\joda-time\2.10.10\joda-time-2.10.10.jar;C:\Users\kh.wong\.m2\repository\com\brsanthu\migbase64\2.2\migbase64-2.2.jar;C:\Users\kh.wong\.m2\repository\org\testng\testng\6.14.3\testng-6.14.3.jar;C:\Users\kh.wong\.m2\repository\com\beust\jcommander\1.72\jcommander-1.72.jar;C:\Users\kh.wong\.m2\repository\org\apache-extras\beanshell\bsh\2.0b6\bsh-2.0b6.jar;C:\Users\kh.wong\.m2\repository\org\mockito\mockito-core\1.10.19\mockito-core-1.10.19.jar;C:\Users\kh.wong\.m2\repository\org\objenesis\objenesis\2.1\objenesis-2.1.jar;C:\Users\kh.wong\.m2\repository\com\neovisionaries\nv-websocket-client\2.1\nv-websocket-client-2.1.jar;C:\Users\kh.wong\.m2\repository\com\google\guava\guava\30.0-jre\guava-30.0-jre.jar;C:\Users\kh.wong\.m2\repository\com\google\guava\failureaccess\1.0.1\failureaccess-1.0.1.jar;C:\Users\kh.wong\.m2\repository\com\google\guava\listenablefuture\9999.0-empty-to-avoid-conflict-with-guava\listenablefuture-9999.0-empty-to-avoid-conflict-with-guava.jar;C:\Users\kh.wong\.m2\repository\com\google\code\findbugs\jsr305\3.0.2\jsr305-3.0.2.jar;C:\Users\kh.wong\.m2\repository\org\checkerframework\checker-qual\3.5.0\checker-qual-3.5.0.jar;C:\Users\kh.wong\.m2\repository\com\google\errorprone\error_prone_annotations\2.3.4\error_prone_annotations-2.3.4.jar;C:\Users\kh.wong\.m2\repository\com\google\j2objc\j2objc-annotations\1.3\j2objc-annotations-1.3.jar;"/>
    <property name="java.vm.vendor" value="Eclipse Adoptium"/>
    <property name="sun.arch.data.model" value="64"/>
    <property name="user.variant" value=""/>
    <property name="java.vendor.url" value="https://adoptium.net/"/>
    <property name="user.timezone" value="Asia/Singapore"/>
    <property name="java.vm.specification.version" value="11"/>
    <property name="os.name" value="Windows 10"/>
    <property name="user.country" value="MY"/>
    <property name="sun.java.launcher" value="SUN_STANDARD"/>
    <property name="sun.boot.library.path" value="C:\Users\kh.wong\AppData\Local\Programs\Eclipse Adoptium\jdk-11.0.13.8-hotspot\bin"/>
    <property name="sun.java.command" value="C:\Users\KH852E~1.WON\AppData\Local\Temp\surefire5896369629464576043\surefirebooter6782276190433597791.jar C:\Users\kh.wong\AppData\Local\Temp\surefire5896369629464576043 2021-12-24T13-30-15_540-jvmRun1 surefire18036585866626498252tmp surefire_03795547434664422241tmp"/>
    <property name="jdk.debug" value="release"/>
    <property name="surefire.test.class.path" value="C:\Users\kh.wong\Desktop\javaRevision\GenesysTesting\javaTesting\purecloud\target\test-classes;C:\Users\kh.wong\Desktop\javaRevision\GenesysTesting\javaTesting\purecloud\target\classes;C:\Users\kh.wong\.m2\repository\org\slf4j\slf4j-log4j12\1.6.1\slf4j-log4j12-1.6.1.jar;C:\Users\kh.wong\.m2\repository\org\slf4j\slf4j-api\1.6.1\slf4j-api-1.6.1.jar;C:\Users\kh.wong\.m2\repository\log4j\log4j\1.2.17\log4j-1.2.17.jar;C:\Users\kh.wong\.m2\repository\junit\junit\4.11\junit-4.11.jar;C:\Users\kh.wong\.m2\repository\org\hamcrest\hamcrest-core\1.3\hamcrest-core-1.3.jar;C:\Users\kh.wong\.m2\repository\io\swagger\swagger-annotations\1.5.8\swagger-annotations-1.5.8.jar;C:\Users\kh.wong\.m2\repository\javax\xml\bind\jaxb-api\2.2.12\jaxb-api-2.2.12.jar;C:\Users\kh.wong\.m2\repository\org\ini4j\ini4j\0.5.4\ini4j-0.5.4.jar;C:\Users\kh.wong\.m2\repository\org\apache\httpcomponents\httpclient\4.5.13\httpclient-4.5.13.jar;C:\Users\kh.wong\.m2\repository\org\apache\httpcomponents\httpcore\4.4.13\httpcore-4.4.13.jar;C:\Users\kh.wong\.m2\repository\commons-logging\commons-logging\1.2\commons-logging-1.2.jar;C:\Users\kh.wong\.m2\repository\commons-codec\commons-codec\1.11\commons-codec-1.11.jar;C:\Users\kh.wong\.m2\repository\com\squareup\okhttp\okhttp\2.7.4\okhttp-2.7.4.jar;C:\Users\kh.wong\.m2\repository\com\squareup\okio\okio\1.6.0\okio-1.6.0.jar;C:\Users\kh.wong\.m2\repository\org\asynchttpclient\async-http-client\2.12.3\async-http-client-2.12.3.jar;C:\Users\kh.wong\.m2\repository\org\asynchttpclient\async-http-client-netty-utils\2.12.3\async-http-client-netty-utils-2.12.3.jar;C:\Users\kh.wong\.m2\repository\io\netty\netty-buffer\4.1.60.Final\netty-buffer-4.1.60.Final.jar;C:\Users\kh.wong\.m2\repository\io\netty\netty-codec-http\4.1.60.Final\netty-codec-http-4.1.60.Final.jar;C:\Users\kh.wong\.m2\repository\io\netty\netty-common\4.1.60.Final\netty-common-4.1.60.Final.jar;C:\Users\kh.wong\.m2\repository\io\netty\netty-transport\4.1.60.Final\netty-transport-4.1.60.Final.jar;C:\Users\kh.wong\.m2\repository\io\netty\netty-codec\4.1.60.Final\netty-codec-4.1.60.Final.jar;C:\Users\kh.wong\.m2\repository\io\netty\netty-handler\4.1.60.Final\netty-handler-4.1.60.Final.jar;C:\Users\kh.wong\.m2\repository\io\netty\netty-resolver\4.1.60.Final\netty-resolver-4.1.60.Final.jar;C:\Users\kh.wong\.m2\repository\io\netty\netty-codec-socks\4.1.60.Final\netty-codec-socks-4.1.60.Final.jar;C:\Users\kh.wong\.m2\repository\io\netty\netty-handler-proxy\4.1.60.Final\netty-handler-proxy-4.1.60.Final.jar;C:\Users\kh.wong\.m2\repository\io\netty\netty-transport-native-epoll\4.1.60.Final\netty-transport-native-epoll-4.1.60.Final-linux-x86_64.jar;C:\Users\kh.wong\.m2\repository\io\netty\netty-transport-native-unix-common\4.1.60.Final\netty-transport-native-unix-common-4.1.60.Final.jar;C:\Users\kh.wong\.m2\repository\io\netty\netty-transport-native-kqueue\4.1.60.Final\netty-transport-native-kqueue-4.1.60.Final-osx-x86_64.jar;C:\Users\kh.wong\.m2\repository\org\reactivestreams\reactive-streams\1.0.3\reactive-streams-1.0.3.jar;C:\Users\kh.wong\.m2\repository\com\typesafe\netty\netty-reactive-streams\2.0.4\netty-reactive-streams-2.0.4.jar;C:\Users\kh.wong\.m2\repository\com\sun\activation\jakarta.activation\1.2.2\jakarta.activation-1.2.2.jar;C:\Users\kh.wong\.m2\repository\xerces\xercesImpl\2.12.1\xercesImpl-2.12.1.jar;C:\Users\kh.wong\.m2\repository\xml-apis\xml-apis\1.4.01\xml-apis-1.4.01.jar;C:\Users\kh.wong\.m2\repository\com\fasterxml\jackson\core\jackson-core\2.12.1\jackson-core-2.12.1.jar;C:\Users\kh.wong\.m2\repository\com\fasterxml\jackson\core\jackson-annotations\2.12.1\jackson-annotations-2.12.1.jar;C:\Users\kh.wong\.m2\repository\com\fasterxml\jackson\core\jackson-databind\2.12.1\jackson-databind-2.12.1.jar;C:\Users\kh.wong\.m2\repository\com\fasterxml\jackson\jaxrs\jackson-jaxrs-json-provider\2.12.1\jackson-jaxrs-json-provider-2.12.1.jar;C:\Users\kh.wong\.m2\repository\com\fasterxml\jackson\jaxrs\jackson-jaxrs-base\2.12.1\jackson-jaxrs-base-2.12.1.jar;C:\Users\kh.wong\.m2\repository\com\fasterxml\jackson\module\jackson-module-jaxb-annotations\2.12.1\jackson-module-jaxb-annotations-2.12.1.jar;C:\Users\kh.wong\.m2\repository\jakarta\xml\bind\jakarta.xml.bind-api\2.3.2\jakarta.xml.bind-api-2.3.2.jar;C:\Users\kh.wong\.m2\repository\jakarta\activation\jakarta.activation-api\1.2.1\jakarta.activation-api-1.2.1.jar;C:\Users\kh.wong\.m2\repository\com\fasterxml\jackson\datatype\jackson-datatype-joda\2.12.1\jackson-datatype-joda-2.12.1.jar;C:\Users\kh.wong\.m2\repository\joda-time\joda-time\2.10.10\joda-time-2.10.10.jar;C:\Users\kh.wong\.m2\repository\com\brsanthu\migbase64\2.2\migbase64-2.2.jar;C:\Users\kh.wong\.m2\repository\org\testng\testng\6.14.3\testng-6.14.3.jar;C:\Users\kh.wong\.m2\repository\com\beust\jcommander\1.72\jcommander-1.72.jar;C:\Users\kh.wong\.m2\repository\org\apache-extras\beanshell\bsh\2.0b6\bsh-2.0b6.jar;C:\Users\kh.wong\.m2\repository\org\mockito\mockito-core\1.10.19\mockito-core-1.10.19.jar;C:\Users\kh.wong\.m2\repository\org\objenesis\objenesis\2.1\objenesis-2.1.jar;C:\Users\kh.wong\.m2\repository\com\neovisionaries\nv-websocket-client\2.1\nv-websocket-client-2.1.jar;C:\Users\kh.wong\.m2\repository\com\google\guava\guava\30.0-jre\guava-30.0-jre.jar;C:\Users\kh.wong\.m2\repository\com\google\guava\failureaccess\1.0.1\failureaccess-1.0.1.jar;C:\Users\kh.wong\.m2\repository\com\google\guava\listenablefuture\9999.0-empty-to-avoid-conflict-with-guava\listenablefuture-9999.0-empty-to-avoid-conflict-with-guava.jar;C:\Users\kh.wong\.m2\repository\com\google\code\findbugs\jsr305\3.0.2\jsr305-3.0.2.jar;C:\Users\kh.wong\.m2\repository\org\checkerframework\checker-qual\3.5.0\checker-qual-3.5.0.jar;C:\Users\kh.wong\.m2\repository\com\google\errorprone\error_prone_annotations\2.3.4\error_prone_annotations-2.3.4.jar;C:\Users\kh.wong\.m2\repository\com\google\j2objc\j2objc-annotations\1.3\j2objc-annotations-1.3.jar;"/>
    <property name="sun.cpu.endian" value="little"/>
    <property name="user.home" value="C:\Users\kh.wong"/>
    <property name="user.language" value="en"/>
    <property name="java.specification.vendor" value="Oracle Corporation"/>
    <property name="java.version.date" value="2021-10-19"/>
    <property name="java.home" value="C:\Users\kh.wong\AppData\Local\Programs\Eclipse Adoptium\jdk-11.0.13.8-hotspot"/>
    <property name="file.separator" value="\"/>
    <property name="basedir" value="C:\Users\kh.wong\Desktop\javaRevision\GenesysTesting\javaTesting\purecloud"/>
    <property name="java.vm.compressedOopsMode" value="Zero based"/>
    <property name="line.separator" value="&#10;"/>
    <property name="java.specification.name" value="Java Platform API Specification"/>
    <property name="java.vm.specification.vendor" value="Oracle Corporation"/>
    <property name="java.awt.graphicsenv" value="sun.awt.Win32GraphicsEnvironment"/>
    <property name="surefire.real.class.path" value="C:\Users\KH852E~1.WON\AppData\Local\Temp\surefire5896369629464576043\surefirebooter6782276190433597791.jar"/>
    <property name="user.script" value=""/>
    <property name="sun.management.compiler" value="HotSpot 64-Bit Tiered Compilers"/>
    <property name="java.runtime.version" value="11.0.13+8"/>
    <property name="user.name" value="kh.wong"/>
    <property name="path.separator" value=";"/>
    <property name="os.version" value="10.0"/>
    <property name="java.runtime.name" value="OpenJDK Runtime Environment"/>
    <property name="file.encoding" value="UTF-8"/>
    <property name="java.vm.name" value="OpenJDK 64-Bit Server VM"/>
    <property name="java.vendor.version" value="Temurin-11.0.13+8"/>
    <property name="maven.ext.class.path" value="C:\Program Files\NetBeans-12.6\netbeans\java\maven-nblib\netbeans-eventspy.jar"/>
    <property name="localRepository" value="C:\Users\kh.wong\.m2\repository"/>
    <property name="java.vendor.url.bug" value="https://github.com/adoptium/adoptium-support/issues"/>
    <property name="java.io.tmpdir" value="C:\Users\KH852E~1.WON\AppData\Local\Temp\"/>
    <property name="java.version" value="11.0.13"/>
    <property name="user.dir" value="C:\Users\kh.wong\Desktop\javaRevision\GenesysTesting\javaTesting\purecloud"/>
    <property name="os.arch" value="amd64"/>
    <property name="java.vm.specification.name" value="Java Virtual Machine Specification"/>
    <property name="java.awt.printerjob" value="sun.awt.windows.WPrinterJob"/>
    <property name="sun.os.patch.level" value=""/>
    <property name="java.library.path" value="C:\Users\kh.wong\AppData\Local\Programs\Eclipse Adoptium\jdk-11.0.13.8-hotspot\bin;C:\Windows\Sun\Java\bin;C:\Windows\system32;C:\Windows;C:\Program Files (x86)\Common Files\Oracle\Java\javapath;C:\Program Files\Microsoft\jdk-11.0.12.7-hotspot\bin;C:\Windows\system32;C:\Windows;C:\Windows\System32\Wbem;C:\Windows\System32\WindowsPowerShell\v1.0\;C:\Windows\System32\OpenSSH\;C:\Program Files\Microsoft SQL Server\150\Tools\Binn\;C:\Program Files\Microsoft SQL Server\Client SDK\ODBC\170\Tools\Binn\;C:\Program Files\dotnet\;C:\Program Files\nodejs\;C:\Program Files\apache-maven-3.8.4\bin;C:\Users\kh.wong\AppData\Local\Programs\Eclipse Adoptium\jdk-11.0.13.8-hotspot\bin;C:\Users\kh.wong\AppData\Local\Microsoft\WindowsApps;C:\Users\kh.wong\.dotnet\tools;C:\Users\kh.wong\AppData\Local\Programs\Microsoft VS Code\bin;C:\Users\kh.wong\AppData\Roaming\npm;."/>
    <property name="java.vm.info" value="mixed mode"/>
    <property name="java.vendor" value="Eclipse Adoptium"/>
    <property name="java.vm.version" value="11.0.13+8"/>
    <property name="sun.io.unicode.encoding" value="UnicodeLittle"/>
    <property name="java.class.version" value="55.0"/>
  </properties>
  <testcase name="shouldAnswerWithTrue on shouldAnswerWithTrue(com.example.purecloud.AppTest)" classname="com.example.purecloud.AppTest" time="0"/>
</testsuite>