<?xml version="1.0" encoding="UTF-8"?>
<!-- Generated by org.testng.reporters.JUnitReportReporter -->
<testsuite hostname="usrKHWong01" failures="0" tests="1" name="com.example.purecloud.AppTest" time="0.000" errors="0" timestamp="24 Dec 2021 05:30:16 GMT" skipped="0">
  <testcase classname="com.example.purecloud.AppTest" name="shouldAnswerWithTrue" time="0.000"/>
</testsuite> <!-- com.example.purecloud.AppTest -->
